{"name":"Moviesor-BackEnd","hostname":"Adams-Mac","pid":98625,"level":30,"msg":"Server running on localhost:3000","time":"2019-10-09T12:55:33.145Z","src":{"file":"/Users/ADAM/Desktop/my_projects/moviesor/Back-End/app.js","line":19},"v":0}
{"name":"Moviesor-BackEnd","hostname":"Adams-Mac","pid":98625,"level":30,"msg":"MongoDB Connected...","time":"2019-10-09T12:55:34.479Z","src":{"file":"/Users/ADAM/Desktop/my_projects/moviesor/Back-End/config/db.js","line":17,"func":"connectDB"},"v":0}
{"name":"Moviesor-BackEnd","hostname":"Adams-Mac","pid":98625,"level":30,"status":200,"body":"The Last Black Man in San Francisco (2019)","msg":"","time":"2019-10-09T12:55:35.879Z","src":{"file":"/Users/ADAM/Desktop/my_projects/moviesor/Back-End/controllers/movie.js","line":23,"func":"getRandomMovie"},"v":0}
{"name":"Moviesor-BackEnd","hostname":"Adams-Mac","pid":98870,"level":30,"msg":"Server running on localhost:3000","time":"2019-10-09T12:56:42.044Z","src":{"file":"/Users/ADAM/Desktop/my_projects/moviesor/Back-End/app.js","line":19},"v":0}
{"name":"Moviesor-BackEnd","hostname":"Adams-Mac","pid":98870,"level":30,"msg":"MongoDB Connected...","time":"2019-10-09T12:56:42.606Z","src":{"file":"/Users/ADAM/Desktop/my_projects/moviesor/Back-End/config/db.js","line":17,"func":"connectDB"},"v":0}
{"name":"Moviesor-BackEnd","hostname":"Adams-Mac","pid":98870,"level":30,"status":200,"body":"Rolling Thunder Revue: A Bob Dylan Story By Martin Scorsese (2019)","msg":"","time":"2019-10-09T12:56:49.226Z","src":{"file":"/Users/ADAM/Desktop/my_projects/moviesor/Back-End/controllers/movie.js","line":23,"func":"getRandomMovie"},"v":0}
{"name":"Moviesor-BackEnd","hostname":"Adams-Mac","pid":98870,"level":50,"Scraper":"404 - \"<!DOCTYPE html>\\n<html lang=\\\"en\\\">\\n<head>\\n<meta charset=\\\"utf-8\\\">\\n<title>Error</title>\\n</head>\\n<body>\\n<pre>Cannot GET /v1/health</pre>\\n</body>\\n</html>\\n\"","Back-End":"OK","msg":"","time":"2019-10-09T12:59:31.368Z","src":{"file":"/Users/ADAM/Desktop/my_projects/moviesor/Back-End/controllers/health.js","line":19,"func":"health"},"v":0}
{"name":"Moviesor-BackEnd","hostname":"Adams-Mac","pid":99192,"level":30,"msg":"Server running on localhost:3000","time":"2019-10-09T13:01:02.776Z","src":{"file":"/Users/ADAM/Desktop/my_projects/moviesor/Back-End/app.js","line":19},"v":0}
{"name":"Moviesor-BackEnd","hostname":"Adams-Mac","pid":99192,"level":30,"msg":"MongoDB Connected...","time":"2019-10-09T13:01:03.757Z","src":{"file":"/Users/ADAM/Desktop/my_projects/moviesor/Back-End/config/db.js","line":17,"func":"connectDB"},"v":0}
{"name":"Moviesor-BackEnd","hostname":"Adams-Mac","pid":99192,"level":50,"Scraper":"404 - \"<!DOCTYPE html>\\n<html lang=\\\"en\\\">\\n<head>\\n<meta charset=\\\"utf-8\\\">\\n<title>Error</title>\\n</head>\\n<body>\\n<pre>Cannot GET /v1/health</pre>\\n</body>\\n</html>\\n\"","Back-End":"OK","msg":"","time":"2019-10-09T13:01:12.766Z","src":{"file":"/Users/ADAM/Desktop/my_projects/moviesor/Back-End/controllers/health.js","line":19,"func":"health"},"v":0}
{"name":"Moviesor-BackEnd","hostname":"Adams-Mac","pid":99192,"level":50,"Scraper":"404 - \"<!DOCTYPE html>\\n<html lang=\\\"en\\\">\\n<head>\\n<meta charset=\\\"utf-8\\\">\\n<title>Error</title>\\n</head>\\n<body>\\n<pre>Cannot GET /v1/health</pre>\\n</body>\\n</html>\\n\"","Back-End":"OK","msg":"","time":"2019-10-09T13:01:18.134Z","src":{"file":"/Users/ADAM/Desktop/my_projects/moviesor/Back-End/controllers/health.js","line":19,"func":"health"},"v":0}
{"name":"Moviesor-BackEnd","hostname":"Adams-Mac","pid":99192,"level":50,"Scraper":"404 - \"<!DOCTYPE html>\\n<html lang=\\\"en\\\">\\n<head>\\n<meta charset=\\\"utf-8\\\">\\n<title>Error</title>\\n</head>\\n<body>\\n<pre>Cannot GET /v1/health</pre>\\n</body>\\n</html>\\n\"","Back-End":"OK","msg":"","time":"2019-10-09T13:01:19.537Z","src":{"file":"/Users/ADAM/Desktop/my_projects/moviesor/Back-End/controllers/health.js","line":19,"func":"health"},"v":0}
{"name":"Moviesor-BackEnd","hostname":"Adams-Mac","pid":99192,"level":50,"Scraper":"404 - \"<!DOCTYPE html>\\n<html lang=\\\"en\\\">\\n<head>\\n<meta charset=\\\"utf-8\\\">\\n<title>Error</title>\\n</head>\\n<body>\\n<pre>Cannot GET /v1/health</pre>\\n</body>\\n</html>\\n\"","Back-End":"OK","msg":"","time":"2019-10-09T13:01:36.416Z","src":{"file":"/Users/ADAM/Desktop/my_projects/moviesor/Back-End/controllers/health.js","line":19,"func":"health"},"v":0}
{"name":"Moviesor-BackEnd","hostname":"Adams-Mac","pid":99192,"level":50,"Scraper":"404 - \"<!DOCTYPE html>\\n<html lang=\\\"en\\\">\\n<head>\\n<meta charset=\\\"utf-8\\\">\\n<title>Error</title>\\n</head>\\n<body>\\n<pre>Cannot GET /v1/health</pre>\\n</body>\\n</html>\\n\"","Back-End":"OK","msg":"","time":"2019-10-09T13:02:02.152Z","src":{"file":"/Users/ADAM/Desktop/my_projects/moviesor/Back-End/controllers/health.js","line":19,"func":"health"},"v":0}
{"name":"Moviesor-BackEnd","hostname":"Adams-Mac","pid":99268,"level":30,"msg":"Server running on localhost:3000","time":"2019-10-09T13:02:37.653Z","src":{"file":"/Users/ADAM/Desktop/my_projects/moviesor/Back-End/app.js","line":19},"v":0}
{"name":"Moviesor-BackEnd","hostname":"Adams-Mac","pid":99268,"level":30,"msg":"MongoDB Connected...","time":"2019-10-09T13:02:38.459Z","src":{"file":"/Users/ADAM/Desktop/my_projects/moviesor/Back-End/config/db.js","line":17,"func":"connectDB"},"v":0}
{"name":"Moviesor-BackEnd","hostname":"Adams-Mac","pid":99268,"level":50,"Back-End":"OK","msg":"","time":"2019-10-09T13:02:39.889Z","src":{"file":"/Users/ADAM/Desktop/my_projects/moviesor/Back-End/controllers/health.js","line":19,"func":"health"},"v":0}
{"name":"Moviesor-BackEnd","hostname":"Adams-Mac","pid":99322,"level":30,"msg":"Server running on localhost:3000","time":"2019-10-09T13:02:57.775Z","src":{"file":"/Users/ADAM/Desktop/my_projects/moviesor/Back-End/app.js","line":19},"v":0}
{"name":"Moviesor-BackEnd","hostname":"Adams-Mac","pid":99322,"level":30,"msg":"MongoDB Connected...","time":"2019-10-09T13:02:58.346Z","src":{"file":"/Users/ADAM/Desktop/my_projects/moviesor/Back-End/config/db.js","line":17,"func":"connectDB"},"v":0}
{"name":"Moviesor-BackEnd","hostname":"Adams-Mac","pid":99322,"level":50,"Back-End":"OK","msg":"","time":"2019-10-09T13:03:00.342Z","src":{"file":"/Users/ADAM/Desktop/my_projects/moviesor/Back-End/controllers/health.js","line":19,"func":"health"},"v":0}
{"name":"Moviesor-BackEnd","hostname":"Adams-Mac","pid":99393,"level":30,"msg":"Server running on localhost:3000","time":"2019-10-09T13:03:13.182Z","src":{"file":"/Users/ADAM/Desktop/my_projects/moviesor/Back-End/app.js","line":19},"v":0}
{"name":"Moviesor-BackEnd","hostname":"Adams-Mac","pid":99393,"level":30,"msg":"MongoDB Connected...","time":"2019-10-09T13:03:13.748Z","src":{"file":"/Users/ADAM/Desktop/my_projects/moviesor/Back-End/config/db.js","line":17,"func":"connectDB"},"v":0}
{"name":"Moviesor-BackEnd","hostname":"Adams-Mac","pid":99393,"level":50,"Back-End":"OK","msg":"","time":"2019-10-09T13:03:14.995Z","src":{"file":"/Users/ADAM/Desktop/my_projects/moviesor/Back-End/controllers/health.js","line":19,"func":"health"},"v":0}
{"name":"Moviesor-BackEnd","hostname":"Adams-Mac","pid":99449,"level":30,"msg":"Server running on localhost:3000","time":"2019-10-09T13:03:21.189Z","src":{"file":"/Users/ADAM/Desktop/my_projects/moviesor/Back-End/app.js","line":19},"v":0}
{"name":"Moviesor-BackEnd","hostname":"Adams-Mac","pid":99449,"level":30,"msg":"MongoDB Connected...","time":"2019-10-09T13:03:21.814Z","src":{"file":"/Users/ADAM/Desktop/my_projects/moviesor/Back-End/config/db.js","line":17,"func":"connectDB"},"v":0}
{"name":"Moviesor-BackEnd","hostname":"Adams-Mac","pid":99449,"level":50,"Scraper":"404 - \"<!DOCTYPE html>\\n<html lang=\\\"en\\\">\\n<head>\\n<meta charset=\\\"utf-8\\\">\\n<title>Error</title>\\n</head>\\n<body>\\n<pre>Cannot GET /v1/health</pre>\\n</body>\\n</html>\\n\"","Back-End":"OK","msg":"","time":"2019-10-09T13:03:23.282Z","src":{"file":"/Users/ADAM/Desktop/my_projects/moviesor/Back-End/controllers/health.js","line":19,"func":"health"},"v":0}
{"name":"Moviesor-BackEnd","hostname":"Adams-Mac","pid":99505,"level":30,"msg":"Server running on localhost:3000","time":"2019-10-09T13:03:52.575Z","src":{"file":"/Users/ADAM/Desktop/my_projects/moviesor/Back-End/app.js","line":19},"v":0}
{"name":"Moviesor-BackEnd","hostname":"Adams-Mac","pid":99505,"level":30,"msg":"MongoDB Connected...","time":"2019-10-09T13:03:53.135Z","src":{"file":"/Users/ADAM/Desktop/my_projects/moviesor/Back-End/config/db.js","line":17,"func":"connectDB"},"v":0}
{"name":"Moviesor-BackEnd","hostname":"Adams-Mac","pid":99505,"level":50,"Back-End":"OK","msg":"","time":"2019-10-09T13:03:54.487Z","src":{"file":"/Users/ADAM/Desktop/my_projects/moviesor/Back-End/controllers/health.js","line":19,"func":"health"},"v":0}
{"name":"Moviesor-BackEnd","hostname":"Adams-Mac","pid":99648,"level":30,"msg":"Server running on localhost:3000","time":"2019-10-09T13:04:14.198Z","src":{"file":"/Users/ADAM/Desktop/my_projects/moviesor/Back-End/app.js","line":19},"v":0}
{"name":"Moviesor-BackEnd","hostname":"Adams-Mac","pid":99648,"level":30,"msg":"MongoDB Connected...","time":"2019-10-09T13:04:14.953Z","src":{"file":"/Users/ADAM/Desktop/my_projects/moviesor/Back-End/config/db.js","line":17,"func":"connectDB"},"v":0}
{"name":"Moviesor-BackEnd","hostname":"Adams-Mac","pid":99648,"level":50,"Scraper":"\"404 - \\\"<!DOCTYPE html>\\\\n<html lang=\\\\\\\"en\\\\\\\">\\\\n<head>\\\\n<meta charset=\\\\\\\"utf-8\\\\\\\">\\\\n<title>Error</title>\\\\n</head>\\\\n<body>\\\\n<pre>Cannot GET /v1/health</pre>\\\\n</body>\\\\n</html>\\\\n\\\"\"","Back-End":"OK","msg":"","time":"2019-10-09T13:04:17.293Z","src":{"file":"/Users/ADAM/Desktop/my_projects/moviesor/Back-End/controllers/health.js","line":19,"func":"health"},"v":0}
{"name":"Moviesor-BackEnd","hostname":"Adams-Mac","pid":99712,"level":30,"msg":"Server running on localhost:3000","time":"2019-10-09T13:04:29.700Z","src":{"file":"/Users/ADAM/Desktop/my_projects/moviesor/Back-End/app.js","line":19},"v":0}
{"name":"Moviesor-BackEnd","hostname":"Adams-Mac","pid":99712,"level":30,"msg":"MongoDB Connected...","time":"2019-10-09T13:04:30.255Z","src":{"file":"/Users/ADAM/Desktop/my_projects/moviesor/Back-End/config/db.js","line":17,"func":"connectDB"},"v":0}
{"name":"Moviesor-BackEnd","hostname":"Adams-Mac","pid":99712,"level":50,"Scraper":"404 - \"<!DOCTYPE html>\\n<html lang=\\\"en\\\">\\n<head>\\n<meta charset=\\\"utf-8\\\">\\n<title>Error</title>\\n</head>\\n<body>\\n<pre>Cannot GET /v1/health</pre>\\n</body>\\n</html>\\n\"","Back-End":"OK","msg":"","time":"2019-10-09T13:04:32.038Z","src":{"file":"/Users/ADAM/Desktop/my_projects/moviesor/Back-End/controllers/health.js","line":19,"func":"health"},"v":0}
{"name":"Moviesor-BackEnd","hostname":"Adams-Mac","pid":99712,"level":50,"Scraper":"Error: connect ECONNREFUSED 127.0.0.1:3001","Back-End":"OK","msg":"","time":"2019-10-09T13:08:40.186Z","src":{"file":"/Users/ADAM/Desktop/my_projects/moviesor/Back-End/controllers/health.js","line":19,"func":"health"},"v":0}
{"name":"Moviesor-BackEnd","hostname":"Adams-Mac","pid":99712,"level":50,"Scraper":"Error: connect ECONNREFUSED 127.0.0.1:3001","Back-End":"OK","msg":"","time":"2019-10-09T13:08:49.317Z","src":{"file":"/Users/ADAM/Desktop/my_projects/moviesor/Back-End/controllers/health.js","line":19,"func":"health"},"v":0}
{"name":"Moviesor-BackEnd","hostname":"Adams-Mac","pid":99712,"level":50,"Scraper":"Error: connect ECONNREFUSED 127.0.0.1:3001","Back-End":"OK","msg":"","time":"2019-10-09T13:08:59.631Z","src":{"file":"/Users/ADAM/Desktop/my_projects/moviesor/Back-End/controllers/health.js","line":19,"func":"health"},"v":0}
{"name":"Moviesor-BackEnd","hostname":"Adams-Mac","pid":99712,"level":50,"Scraper":"Error: connect ECONNREFUSED 127.0.0.1:3001","Back-End":"OK","msg":"","time":"2019-10-09T13:09:21.811Z","src":{"file":"/Users/ADAM/Desktop/my_projects/moviesor/Back-End/controllers/health.js","line":19,"func":"health"},"v":0}
{"name":"Moviesor-BackEnd","hostname":"Adams-Mac","pid":219,"level":30,"msg":"Server running on localhost:3000","time":"2019-10-09T13:12:38.915Z","src":{"file":"/Users/ADAM/Desktop/my_projects/moviesor/Back-End/app.js","line":19},"v":0}
{"name":"Moviesor-BackEnd","hostname":"Adams-Mac","pid":219,"level":30,"msg":"MongoDB Connected...","time":"2019-10-09T13:12:39.774Z","src":{"file":"/Users/ADAM/Desktop/my_projects/moviesor/Back-End/config/db.js","line":17,"func":"connectDB"},"v":0}
{"name":"Moviesor-BackEnd","hostname":"Adams-Mac","pid":561,"level":30,"msg":"Server running on localhost:3000","time":"2019-10-09T13:13:30.791Z","src":{"file":"/Users/ADAM/Desktop/my_projects/moviesor/Back-End/app.js","line":20},"v":0}
{"name":"Moviesor-BackEnd","hostname":"Adams-Mac","pid":561,"level":30,"msg":"MongoDB Connected...","time":"2019-10-09T13:13:31.415Z","src":{"file":"/Users/ADAM/Desktop/my_projects/moviesor/Back-End/config/db.js","line":17,"func":"connectDB"},"v":0}
{"name":"Moviesor-BackEnd","hostname":"Adams-Mac","pid":666,"level":30,"msg":"Server running on localhost:3000","time":"2019-10-09T13:13:43.328Z","src":{"file":"/Users/ADAM/Desktop/my_projects/moviesor/Back-End/app.js","line":20},"v":0}
{"name":"Moviesor-BackEnd","hostname":"Adams-Mac","pid":666,"level":30,"msg":"MongoDB Connected...","time":"2019-10-09T13:13:43.961Z","src":{"file":"/Users/ADAM/Desktop/my_projects/moviesor/Back-End/config/db.js","line":17,"func":"connectDB"},"v":0}
{"name":"Moviesor-BackEnd","hostname":"Adams-Mac","pid":716,"level":30,"msg":"Server running on localhost:3000","time":"2019-10-09T13:14:31.642Z","src":{"file":"/Users/ADAM/Desktop/my_projects/moviesor/Back-End/app.js","line":20},"v":0}
{"name":"Moviesor-BackEnd","hostname":"Adams-Mac","pid":716,"level":30,"msg":"MongoDB Connected...","time":"2019-10-09T13:14:32.558Z","src":{"file":"/Users/ADAM/Desktop/my_projects/moviesor/Back-End/config/db.js","line":17,"func":"connectDB"},"v":0}
{"name":"Moviesor-BackEnd","hostname":"Adams-Mac","pid":784,"level":30,"msg":"Server running on localhost:3000","time":"2019-10-09T13:14:52.450Z","src":{"file":"/Users/ADAM/Desktop/my_projects/moviesor/Back-End/app.js","line":20},"v":0}
{"name":"Moviesor-BackEnd","hostname":"Adams-Mac","pid":784,"level":30,"msg":"MongoDB Connected...","time":"2019-10-09T13:14:53.031Z","src":{"file":"/Users/ADAM/Desktop/my_projects/moviesor/Back-End/config/db.js","line":17,"func":"connectDB"},"v":0}
{"name":"Moviesor-BackEnd","hostname":"Adams-Mac","pid":818,"level":30,"msg":"Server running on localhost:3000","time":"2019-10-09T13:14:55.096Z","src":{"file":"/Users/ADAM/Desktop/my_projects/moviesor/Back-End/app.js","line":20},"v":0}
{"name":"Moviesor-BackEnd","hostname":"Adams-Mac","pid":818,"level":30,"msg":"MongoDB Connected...","time":"2019-10-09T13:14:55.678Z","src":{"file":"/Users/ADAM/Desktop/my_projects/moviesor/Back-End/config/db.js","line":17,"func":"connectDB"},"v":0}
{"name":"Moviesor-BackEnd","hostname":"Adams-Mac","pid":1151,"level":30,"msg":"Server running on localhost:3000","time":"2019-10-09T13:16:03.657Z","src":{"file":"/Users/ADAM/Desktop/my_projects/moviesor/Back-End/app.js","line":20},"v":0}
{"name":"Moviesor-BackEnd","hostname":"Adams-Mac","pid":1151,"level":30,"msg":"MongoDB Connected...","time":"2019-10-09T13:16:04.442Z","src":{"file":"/Users/ADAM/Desktop/my_projects/moviesor/Back-End/config/db.js","line":17,"func":"connectDB"},"v":0}
{"name":"Moviesor-BackEnd","hostname":"Adams-Mac","pid":1419,"level":30,"msg":"Server running on localhost:3000","time":"2019-10-09T13:35:08.618Z","src":{"file":"/Users/ADAM/Desktop/my_projects/moviesor/Back-End/app.js","line":20},"v":0}
{"name":"Moviesor-BackEnd","hostname":"Adams-Mac","pid":1419,"level":30,"msg":"MongoDB Connected...","time":"2019-10-09T13:35:09.488Z","src":{"file":"/Users/ADAM/Desktop/my_projects/moviesor/Back-End/config/db.js","line":17,"func":"connectDB"},"v":0}
{"name":"Moviesor-BackEnd","hostname":"Adams-Mac","pid":1827,"level":30,"msg":"Server running on localhost:3000","time":"2019-10-09T13:48:51.886Z","src":{"file":"/Users/ADAM/Desktop/my_projects/moviesor/Back-End/app.js","line":20},"v":0}
{"name":"Moviesor-BackEnd","hostname":"Adams-Mac","pid":1827,"level":30,"msg":"MongoDB Connected...","time":"2019-10-09T13:48:52.718Z","src":{"file":"/Users/ADAM/Desktop/my_projects/moviesor/Back-End/config/db.js","line":17,"func":"connectDB"},"v":0}
{"name":"Moviesor-BackEnd","hostname":"Adams-Mac","pid":2076,"level":30,"msg":"Server running on localhost:3000","time":"2019-10-09T13:50:17.329Z","src":{"file":"/Users/ADAM/Desktop/my_projects/moviesor/Back-End/app.js","line":20},"v":0}
{"name":"Moviesor-BackEnd","hostname":"Adams-Mac","pid":2076,"level":30,"msg":"MongoDB Connected...","time":"2019-10-09T13:50:18.141Z","src":{"file":"/Users/ADAM/Desktop/my_projects/moviesor/Back-End/config/db.js","line":17,"func":"connectDB"},"v":0}
{"name":"Moviesor-BackEnd","hostname":"Adams-Mac","pid":2377,"level":30,"msg":"Server running on localhost:3000","time":"2019-10-09T13:51:15.671Z","src":{"file":"/Users/ADAM/Desktop/my_projects/moviesor/Back-End/app.js","line":21},"v":0}
{"name":"Moviesor-BackEnd","hostname":"Adams-Mac","pid":2377,"level":30,"msg":"MongoDB Connected...","time":"2019-10-09T13:51:16.298Z","src":{"file":"/Users/ADAM/Desktop/my_projects/moviesor/Back-End/config/db.js","line":17,"func":"connectDB"},"v":0}
{"name":"Moviesor-BackEnd","hostname":"Adams-Mac","pid":2377,"level":50,"Scraper":"Error: connect ECONNREFUSED 127.0.0.1:3001","Back-End":"OK","msg":"","time":"2019-10-09T13:51:21.006Z","src":{"file":"/Users/ADAM/Desktop/my_projects/moviesor/Back-End/controllers/health.js","line":19,"func":"health"},"v":0}
{"name":"Moviesor-BackEnd","hostname":"Adams-Mac","pid":2377,"level":50,"Scraper":"Error: connect ECONNREFUSED 127.0.0.1:3001","Back-End":"OK","msg":"","time":"2019-10-09T13:51:25.526Z","src":{"file":"/Users/ADAM/Desktop/my_projects/moviesor/Back-End/controllers/health.js","line":19,"func":"health"},"v":0}
{"name":"Moviesor-BackEnd","hostname":"Adams-Mac","pid":2428,"level":30,"msg":"Server running on localhost:3000","time":"2019-10-09T13:51:40.066Z","src":{"file":"/Users/ADAM/Desktop/my_projects/moviesor/Back-End/app.js","line":21},"v":0}
{"name":"Moviesor-BackEnd","hostname":"Adams-Mac","pid":2428,"level":30,"msg":"MongoDB Connected...","time":"2019-10-09T13:51:40.953Z","src":{"file":"/Users/ADAM/Desktop/my_projects/moviesor/Back-End/config/db.js","line":17,"func":"connectDB"},"v":0}
{"name":"Moviesor-BackEnd","hostname":"Adams-Mac","pid":2428,"level":50,"Scraper":"Error: connect ECONNREFUSED 127.0.0.1:3001","Back-End":"OK","msg":"","time":"2019-10-09T13:51:46.803Z","src":{"file":"/Users/ADAM/Desktop/my_projects/moviesor/Back-End/controllers/health.js","line":19,"func":"health"},"v":0}
{"name":"Moviesor-BackEnd","hostname":"Adams-Mac","pid":2457,"level":30,"msg":"Server running on localhost:3000","time":"2019-10-09T13:52:30.388Z","src":{"file":"/Users/ADAM/Desktop/my_projects/moviesor/Back-End/app.js","line":21},"v":0}
{"name":"Moviesor-BackEnd","hostname":"Adams-Mac","pid":2457,"level":30,"msg":"MongoDB Connected...","time":"2019-10-09T13:52:31.059Z","src":{"file":"/Users/ADAM/Desktop/my_projects/moviesor/Back-End/config/db.js","line":17,"func":"connectDB"},"v":0}
{"name":"Moviesor-BackEnd","hostname":"Adams-Mac","pid":2457,"level":50,"Scraper":"Error: connect ECONNREFUSED 127.0.0.1:3001","Back-End":"OK","msg":"","time":"2019-10-09T13:52:32.813Z","src":{"file":"/Users/ADAM/Desktop/my_projects/moviesor/Back-End/controllers/health.js","line":19,"func":"health"},"v":0}
{"name":"Moviesor-BackEnd","hostname":"Adams-Mac","pid":2496,"level":30,"msg":"Server running on localhost:3000","time":"2019-10-09T13:53:06.389Z","src":{"file":"/Users/ADAM/Desktop/my_projects/moviesor/Back-End/app.js","line":35},"v":0}
{"name":"Moviesor-BackEnd","hostname":"Adams-Mac","pid":2496,"level":30,"msg":"MongoDB Connected...","time":"2019-10-09T13:53:07.141Z","src":{"file":"/Users/ADAM/Desktop/my_projects/moviesor/Back-End/config/db.js","line":17,"func":"connectDB"},"v":0}
{"name":"Moviesor-BackEnd","hostname":"Adams-Mac","pid":2496,"level":50,"Scraper":"Error: connect ECONNREFUSED 127.0.0.1:3001","Back-End":"OK","msg":"","time":"2019-10-09T13:53:21.599Z","src":{"file":"/Users/ADAM/Desktop/my_projects/moviesor/Back-End/controllers/health.js","line":19,"func":"health"},"v":0}
{"name":"Moviesor-BackEnd","hostname":"Adams-Mac","pid":2535,"level":30,"msg":"Server running on localhost:3000","time":"2019-10-09T13:53:56.248Z","src":{"file":"/Users/ADAM/Desktop/my_projects/moviesor/Back-End/app.js","line":35},"v":0}
{"name":"Moviesor-BackEnd","hostname":"Adams-Mac","pid":2535,"level":30,"msg":"MongoDB Connected...","time":"2019-10-09T13:53:57.264Z","src":{"file":"/Users/ADAM/Desktop/my_projects/moviesor/Back-End/config/db.js","line":17,"func":"connectDB"},"v":0}
{"name":"Moviesor-BackEnd","hostname":"Adams-Mac","pid":2535,"level":50,"Scraper":"Error: connect ECONNREFUSED 127.0.0.1:3001","Back-End":"OK","msg":"","time":"2019-10-09T13:53:58.283Z","src":{"file":"/Users/ADAM/Desktop/my_projects/moviesor/Back-End/controllers/health.js","line":19,"func":"health"},"v":0}
{"name":"Moviesor-BackEnd","hostname":"Adams-Mac","pid":2575,"level":30,"msg":"Server running on localhost:3000","time":"2019-10-09T13:54:20.632Z","src":{"file":"/Users/ADAM/Desktop/my_projects/moviesor/Back-End/app.js","line":35},"v":0}
{"name":"Moviesor-BackEnd","hostname":"Adams-Mac","pid":2575,"level":30,"msg":"MongoDB Connected...","time":"2019-10-09T13:54:21.263Z","src":{"file":"/Users/ADAM/Desktop/my_projects/moviesor/Back-End/config/db.js","line":17,"func":"connectDB"},"v":0}
{"name":"Moviesor-BackEnd","hostname":"Adams-Mac","pid":2575,"level":50,"Scraper":"Error: connect ECONNREFUSED 127.0.0.1:3001","Back-End":"OK","msg":"","time":"2019-10-09T13:54:21.388Z","src":{"file":"/Users/ADAM/Desktop/my_projects/moviesor/Back-End/controllers/health.js","line":19,"func":"health"},"v":0}
{"name":"Moviesor-BackEnd","hostname":"Adams-Mac","pid":2615,"level":30,"msg":"Server running on localhost:3000","time":"2019-10-09T13:54:32.357Z","src":{"file":"/Users/ADAM/Desktop/my_projects/moviesor/Back-End/app.js","line":35},"v":0}
{"name":"Moviesor-BackEnd","hostname":"Adams-Mac","pid":2615,"level":30,"msg":"MongoDB Connected...","time":"2019-10-09T13:54:33.052Z","src":{"file":"/Users/ADAM/Desktop/my_projects/moviesor/Back-End/config/db.js","line":17,"func":"connectDB"},"v":0}
{"name":"Moviesor-BackEnd","hostname":"Adams-Mac","pid":2615,"level":50,"Scraper":"Error: connect ECONNREFUSED 127.0.0.1:3001","Back-End":"OK","msg":"","time":"2019-10-09T13:54:34.416Z","src":{"file":"/Users/ADAM/Desktop/my_projects/moviesor/Back-End/controllers/health.js","line":19,"func":"health"},"v":0}
{"name":"Moviesor-BackEnd","hostname":"Adams-Mac","pid":2643,"level":30,"msg":"Server running on localhost:3000","time":"2019-10-09T13:54:41.424Z","src":{"file":"/Users/ADAM/Desktop/my_projects/moviesor/Back-End/app.js","line":21},"v":0}
{"name":"Moviesor-BackEnd","hostname":"Adams-Mac","pid":2643,"level":30,"msg":"MongoDB Connected...","time":"2019-10-09T13:54:42.007Z","src":{"file":"/Users/ADAM/Desktop/my_projects/moviesor/Back-End/config/db.js","line":17,"func":"connectDB"},"v":0}
{"name":"Moviesor-BackEnd","hostname":"Adams-Mac","pid":2643,"level":50,"Scraper":"Error: connect ECONNREFUSED 127.0.0.1:3001","Back-End":"OK","msg":"","time":"2019-10-09T13:54:43.985Z","src":{"file":"/Users/ADAM/Desktop/my_projects/moviesor/Back-End/controllers/health.js","line":19,"func":"health"},"v":0}
{"name":"Moviesor-BackEnd","hostname":"Adams-Mac","pid":2643,"level":50,"Scraper":"Error: connect ECONNREFUSED 127.0.0.1:3001","Back-End":"OK","msg":"","time":"2019-10-09T13:54:55.079Z","src":{"file":"/Users/ADAM/Desktop/my_projects/moviesor/Back-End/controllers/health.js","line":19,"func":"health"},"v":0}
{"name":"Moviesor-BackEnd","hostname":"Adams-Mac","pid":2750,"level":30,"msg":"Server running on localhost:3000","time":"2019-10-09T13:55:27.614Z","src":{"file":"/Users/ADAM/Desktop/my_projects/moviesor/Back-End/app.js","line":21},"v":0}
{"name":"Moviesor-BackEnd","hostname":"Adams-Mac","pid":2750,"level":30,"msg":"MongoDB Connected...","time":"2019-10-09T13:55:28.332Z","src":{"file":"/Users/ADAM/Desktop/my_projects/moviesor/Back-End/config/db.js","line":17,"func":"connectDB"},"v":0}
